#
# There is insufficient memory for the Java Runtime Environment to continue.
# Native memory allocation (mmap) failed to map 536870912 bytes. Error detail: G1 virtual space
# Possible reasons:
#   The system is out of physical RAM or swap space
#   This process is running with CompressedOops enabled, and the Java Heap may be blocking the growth of the native heap
# Possible solutions:
#   Reduce memory load on the system
#   Increase physical memory or swap space
#   Check if swap backing store is full
#   Decrease Java heap size (-Xmx/-Xms)
#   Decrease number of Java threads
#   Decrease Java thread stack sizes (-Xss)
#   Set larger code cache with -XX:ReservedCodeCacheSize=
#   JVM is running with Zero Based Compressed Oops mode in which the Java heap is
#     placed in the first 32GB address space. The Java Heap base address is the
#     maximum limit for the native heap growth. Please use -XX:HeapBaseMinAddress
#     to set the Java Heap base and to place the Java Heap above 32GB virtual address.
# This output file may be truncated or incomplete.
#
#  Out of Memory Error (os_windows.cpp:3564), pid=73280, tid=492
#
# JRE version:  (24.0.2+12) (build )
# Java VM: Java HotSpot(TM) 64-Bit Server VM (24.0.2+12-54, mixed mode, sharing, tiered, compressed oops, compressed class ptrs, g1 gc, windows-amd64)
# No core dump will be written. Minidumps are not enabled by default on client versions of Windows
#

---------------  S U M M A R Y ------------

Command Line: 

Host: AMD Ryzen 7 3700X 8-Core Processor             , 16 cores, 31G,  Windows 10 , 64 bit Build 19041 (10.0.19041.5915)
Time: Wed Apr 29 00:49:55 2026 Hora est. Sudam廨ica Pac璗ico elapsed time: 0.049770 seconds (0d 0h 0m 0s)

---------------  T H R E A D  ---------------

Current thread (0x0000016f731607d0):  JavaThread "Unknown thread" [_thread_in_vm, id=492, stack(0x0000002467000000,0x0000002467100000) (1024K)]

Stack: [0x0000002467000000,0x0000002467100000]
Native frames: (J=compiled Java code, j=interpreted, Vv=VM code, C=native code)
V  [jvm.dll+0x730829]  (no source info available)
V  [jvm.dll+0x8d9da3]  (no source info available)
V  [jvm.dll+0x8dc28d]  (no source info available)
V  [jvm.dll+0x8dc903]  (no source info available)
V  [jvm.dll+0x2a9f56]  (no source info available)
V  [jvm.dll+0x72cd55]  (no source info available)
V  [jvm.dll+0x72066a]  (no source info available)
V  [jvm.dll+0x390b7a]  (no source info available)
V  [jvm.dll+0x398906]  (no source info available)
V  [jvm.dll+0x3850de]  (no source info available)
V  [jvm.dll+0x385398]  (no source info available)
V  [jvm.dll+0x35d10c]  (no source info available)
V  [jvm.dll+0x35ddcd]  (no source info available)
V  [jvm.dll+0x89d50f]  (no source info available)
V  [jvm.dll+0x3f979d]  (no source info available)
V  [jvm.dll+0x885b66]  (no source info available)
V  [jvm.dll+0x495e7e]  (no source info available)
V  [jvm.dll+0x497c51]  (no source info available)
C  [jli.dll+0x52a1]  (no source info available)
C  [ucrtbase.dll+0x21bb2]  (no source info available)
C  [KERNEL32.DLL+0x17374]  (no source info available)
C  [ntdll.dll+0x4cc91]  (no source info available)

Lock stack of current Java thread (top to bottom):


---------------  P R O C E S S  ---------------

Threads class SMR info:
_java_thread_list=0x00007ffcc6c5f318, length=0, elements={
}

Java Threads: ( => current thread )
Total: 0

Other Threads:
  0x0000016f7556e930 WorkerThread "GC Thread#0"                     [id=69516, stack(0x0000002467100000,0x0000002467200000) (1024K)]
  0x0000016f7557c050 ConcurrentGCThread "G1 Main Marker"            [id=64724, stack(0x0000002467200000,0x0000002467300000) (1024K)]
  0x0000016f7557c970 WorkerThread "G1 Conc#0"                       [id=57148, stack(0x0000002467300000,0x0000002467400000) (1024K)]

[error occurred during error reporting (printing all threads), id 0xc0000005, EXCEPTION_ACCESS_VIOLATION (0xc0000005) at pc=0x00007ffcc639138a]
VM state: not at safepoint (not fully initialized)

VM Mutex/Monitor currently owned by a thread:  ([mutex/lock_event])
[0x00007ffcc6ce45f0] Heap_lock - owner thread: 0x0000016f731607d0

Heap address: 0x0000000601400000, size: 8172 MB, Compressed Oops mode: Zero based, Oop shift amount: 3

CDS archive(s) mapped at: [0x0000000000000000-0x0000000000000000-0x0000000000000000), size 0, SharedBaseAddress: 0x0000000800000000, ArchiveRelocationMode: 1.
UseCompressedClassPointers 1, UseCompactObjectHeaders 0
Narrow klass pointer bits 32, Max shift 3
Narrow klass base: 0xffffffffffffffff, Narrow klass shift: -1
Encoding Range: [0xffffffffffffffff - 0x000000007fffffff), (2147483648 bytes)
Klass Range:    [0x0000000000000000 - 0x0000000000000000), (0 bytes)
Klass ID Range:  [4294967295 - 0) (1)

GC Precious Log:
 CardTable entry size: 512
 Card Set container configuration: InlinePtr #cards 4 size 8 Array Of Cards #cards 32 size 80 Howl #buckets 8 coarsen threshold 7372 Howl Bitmap #cards 1024 size 144 coarsen threshold 921 Card regions per heap region 1 cards per card region 8192

Heap:
 garbage-first heap   total reserved 8368128K, committed 0K, used 0K [0x0000000601400000, 0x0000000800000000)
  region size 4096K, 0 young (0K), 0 survivors (0K)

[error occurred during error reporting (printing heap information), id 0xc0000005, EXCEPTION_ACCESS_VIOLATION (0xc0000005) at pc=0x00007ffcc67ae679]
GC Heap History (0 events):
No events

Dll operation events (1 events):
Event: 0.027 Loaded shared library C:\Program Files\Java\jdk-24\bin\java.dll

Deoptimization events (0 events):
No events

Classes loaded (0 events):
No events

Classes unloaded (0 events):
No events

Classes redefined (0 events):
No events

Internal exceptions (0 events):
No events

VM Operations (0 events):
No events

Memory protections (0 events):
No events

Nmethod flushes (0 events):
No events

Events (0 events):
No events


Dynamic libraries:
0x00007ff7dc420000 - 0x00007ff7dc430000 	C:\Program Files\Java\jdk-24\bin\java.exe
0x00007ffd86f50000 - 0x00007ffd87148000 	C:\Windows\SYSTEM32\ntdll.dll
0x00007ffd852e0000 - 0x00007ffd853a2000 	C:\Windows\System32\KERNEL32.DLL
0x00007ffd848a0000 - 0x00007ffd84b96000 	C:\Windows\System32\KERNELBASE.dll
0x00007ffd05830000 - 0x00007ffd058de000 	g:\Trae\resources\app\modules\sandbox\x64\trae_sbox.dll
0x00007ffd85870000 - 0x00007ffd85921000 	C:\Windows\System32\ADVAPI32.dll
0x00007ffd86410000 - 0x00007ffd864ae000 	C:\Windows\System32\msvcrt.dll
0x00007ffd85240000 - 0x00007ffd852df000 	C:\Windows\System32\sechost.dll
0x00007ffd853b0000 - 0x00007ffd854d0000 	C:\Windows\System32\RPCRT4.dll
0x00007ffd84ef0000 - 0x00007ffd84f17000 	C:\Windows\System32\bcrypt.dll
0x00007ffd845e0000 - 0x00007ffd846e0000 	C:\Windows\System32\ucrtbase.dll
0x00007ffd52970000 - 0x00007ffd52986000 	C:\Program Files\Java\jdk-24\bin\jli.dll
0x00007ffd854d0000 - 0x00007ffd85671000 	C:\Windows\System32\USER32.dll
0x00007ffd84c50000 - 0x00007ffd84c72000 	C:\Windows\System32\win32u.dll
0x00007ffd6b2f0000 - 0x00007ffd6b58b000 	C:\Windows\WinSxS\amd64_microsoft.windows.common-controls_6595b64144ccf1df_6.0.19041.6456_none_60b8a6cb71f64256\COMCTL32.dll
0x00007ffd86230000 - 0x00007ffd8625b000 	C:\Windows\System32\GDI32.dll
0x00007ffd84780000 - 0x00007ffd84899000 	C:\Windows\System32\gdi32full.dll
0x00007ffd846e0000 - 0x00007ffd8477d000 	C:\Windows\System32\msvcp_win.dll
0x00007ffd50a40000 - 0x00007ffd50a5b000 	C:\Program Files\Java\jdk-24\bin\VCRUNTIME140.dll
0x00007ffd08120000 - 0x00007ffd081af000 	g:\Trae\resources\app\modules\sandbox\x64\sbox_ipc.dll
0x00007ffd851b0000 - 0x00007ffd851df000 	C:\Windows\System32\IMM32.DLL
0x00007ffd82030000 - 0x00007ffd82231000 	C:\Windows\SYSTEM32\dbghelp.dll
0x00007ffd76110000 - 0x00007ffd76144000 	C:\Windows\SYSTEM32\dbgcore.DLL
0x00007ffd6ae60000 - 0x00007ffd6ae6c000 	C:\Program Files\Java\jdk-24\bin\vcruntime140_1.dll
0x00007ffd04a00000 - 0x00007ffd04a8e000 	C:\Program Files\Java\jdk-24\bin\msvcp140.dll
0x00007ffcc6020000 - 0x00007ffcc6dc1000 	C:\Program Files\Java\jdk-24\bin\server\jvm.dll
0x00007ffd85680000 - 0x00007ffd856eb000 	C:\Windows\System32\WS2_32.dll
0x00007ffd84440000 - 0x00007ffd8448b000 	C:\Windows\SYSTEM32\POWRPROF.dll
0x00007ffd79370000 - 0x00007ffd79397000 	C:\Windows\SYSTEM32\WINMM.dll
0x00007ffd7c2b0000 - 0x00007ffd7c2ba000 	C:\Windows\SYSTEM32\VERSION.dll
0x00007ffd84420000 - 0x00007ffd84432000 	C:\Windows\SYSTEM32\UMPDC.dll
0x00007ffd82650000 - 0x00007ffd82662000 	C:\Windows\SYSTEM32\kernel.appcore.dll
0x00007ffd60280000 - 0x00007ffd6028a000 	C:\Program Files\Java\jdk-24\bin\jimage.dll
0x00007ffd84c80000 - 0x00007ffd84d02000 	C:\Windows\System32\bcryptPrimitives.dll
0x00007ffd839b0000 - 0x00007ffd83a7a000 	C:\Windows\SYSTEM32\dnsapi.dll
0x00007ffd83970000 - 0x00007ffd839ab000 	C:\Windows\SYSTEM32\IPHLPAPI.DLL
0x00007ffd851a0000 - 0x00007ffd851a8000 	C:\Windows\System32\NSI.dll
0x00007ffd50a10000 - 0x00007ffd50a2e000 	C:\Program Files\Java\jdk-24\bin\java.dll
0x00007ffd86de0000 - 0x00007ffd86f0b000 	C:\Windows\System32\ole32.dll
0x00007ffd85a60000 - 0x00007ffd85db4000 	C:\Windows\System32\combase.dll
0x00007ffd86510000 - 0x00007ffd86c80000 	C:\Windows\System32\SHELL32.dll

JVMTI agents: none

dbghelp: loaded successfully - version: 4.0.5 - missing functions: none
symbol engine: initialized successfully - sym options: 0x614 - pdb path: .;C:\Program Files\Java\jdk-24\bin;C:\Windows\SYSTEM32;g:\Trae\resources\app\modules\sandbox\x64;C:\Windows\WinSxS\amd64_microsoft.windows.common-controls_6595b64144ccf1df_6.0.19041.6456_none_60b8a6cb71f64256;C:\Program Files\Java\jdk-24\bin\server

VM Arguments:
java_command: <unknown>
java_class_path (initial): <not set>
Launcher Type: SUN_STANDARD

[Global flags]
     intx CICompilerCount                          = 12                                        {product} {ergonomic}
     uint ConcGCThreads                            = 3                                         {product} {ergonomic}
     uint G1ConcRefinementThreads                  = 13                                        {product} {ergonomic}
   size_t G1HeapRegionSize                         = 4194304                                   {product} {ergonomic}
   size_t InitialHeapSize                          = 536870912                                 {product} {ergonomic}
   size_t MarkStackSize                            = 4194304                                   {product} {ergonomic}
   size_t MarkStackSizeMax                         = 536870912                                 {product} {ergonomic}
   size_t MaxHeapSize                              = 8568963072                                {product} {ergonomic}
   size_t MinHeapDeltaBytes                        = 4194304                                   {product} {ergonomic}
   size_t MinHeapSize                              = 8388608                                   {product} {ergonomic}
    uintx NonNMethodCodeHeapSize                   = 7602176                                {pd product} {ergonomic}
    uintx NonProfiledCodeHeapSize                  = 122093568                              {pd product} {ergonomic}
    uintx ProfiledCodeHeapSize                     = 121962496                              {pd product} {ergonomic}
    uintx ReservedCodeCacheSize                    = 251658240                              {pd product} {ergonomic}
     bool SegmentedCodeCache                       = true                                      {product} {ergonomic}
   size_t SoftMaxHeapSize                          = 8568963072                             {manageable} {ergonomic}
     bool UseCompressedOops                        = true                           {product lp64_product} {ergonomic}
     bool UseG1GC                                  = true                                      {product} {ergonomic}
     bool UseLargePagesIndividualAllocation        = false                                  {pd product} {ergonomic}

Logging:
Log output configuration:
 #0: stdout all=warning uptime,level,tags foldmultilines=false
 #1: stderr all=off uptime,level,tags foldmultilines=false

Environment Variables:
PATH=c:\\Users\\juanp\\.trae\\tools\\trae-gopls\\current;c:\\Users\\juanp\\.trae\\sdks\\workspaces\\1eeaebc4\\versions\\node\\current;c:\\Users\\juanp\\.trae\\sdks\\versions\\node\\current;c:\Users\juanp\.trae\tools\trae-gopls\current;c:\Users\juanp\.trae\sdks\workspaces\1eeaebc4\versions\node\current;c:\Users\juanp\.trae\sdks\versions\node\current;C:\Python314\Scripts\;C:\Python314\;C:\Program Files\Common Files\Oracle\Java\javapath;C:\Program Files (x86)\Razer Chroma SDK\bin;C:\Program Files\Razer Chroma SDK\bin;C:\Program Files (x86)\Razer\ChromaBroadcast\bin;C:\Program Files\Razer\ChromaBroadcast\bin;C:\Program Files\Eclipse Adoptium\jdk-11.0.18.10-hotspot\bin;G:\Oculus\Support\oculus-runtime;C:\Windows\system32;C:\Windows;C:\Windows\System32\Wbem;C:\Windows\System32\WindowsPowerShell\v1.0\;C:\Windows\System32\OpenSSH\;C:\Windows\system32\config\systemprofile\AppData\Local\Microsoft\WindowsApps;C:\Program Files (x86)\NVIDIA Corporation\PhysX\Common;C:\Program Files\NVIDIA Corporation\NVIDIA app\NvDLISR;F:\Git\cmd;F:\Git\bin;C:\Program Files\nodejs\;C:\ProgramData\chocolatey\bin;F:\apache-maven-3.9.11\bin;g:\Trae\bin;H:\Scripts\;H:\;C:\Users\juanp\AppData\Local\Microsoft\WindowsApps;H:\Microsoft VS Code\bin;E:\IntelliJ IDEA 2025.2.1\bin;C:\Users\juanp\AppData\Roaming\npm
USERNAME=juanp
LANG=en_US.UTF-8
OS=Windows_NT
PROCESSOR_IDENTIFIER=AMD64 Family 23 Model 113 Stepping 0, AuthenticAMD
TMP=C:\Users\juanp\AppData\Local\Temp
TEMP=C:\Users\juanp\AppData\Local\Temp




Periodic native trim disabled

---------------  S Y S T E M  ---------------

OS:
 Windows 10 , 64 bit Build 19041 (10.0.19041.5915)
OS uptime: 19 days 4:19 hours

CPU: total 16 (initial active 16) (16 cores per cpu, 2 threads per core) family 23 model 113 stepping 0 microcode 0x0, cx8, cmov, fxsr, ht, mmx, 3dnowpref, sse, sse2, sse3, ssse3, sse4a, sse4.1, sse4.2, popcnt, lzcnt, tsc, tscinvbit, avx, avx2, aes, clmul, bmi1, bmi2, adx, sha, fma, vzeroupper, clflush, clflushopt, rdtscp, rdpid, f16c
Processor Information for the first 16 processors :
  Max Mhz: 4050, Current Mhz: 4050, Mhz Limit: 4050

Memory: 4k page, system-wide physical 32676M (5596M free)
TotalPageFile size 34724M (AvailPageFile size 290M)
current process WorkingSet (physical memory assigned to process): 13M, peak: 13M
current process commit charge ("private bytes"): 72M, peak: 584M

vm_info: Java HotSpot(TM) 64-Bit Server VM (24.0.2+12-54) for windows-amd64 JRE (24.0.2+12-54), built on 2025-07-08T12:10:27Z with MS VC++ 17.6 (VS2022)

END.
